[0123/102626.280620:WARNING:resource_util.cc(94)] Please customize CefSettings.root_cache_path for your application. Use of the default value may lead to unintended process singleton behavior.
[0123/102626.424578:INFO:logger.cpp(19)] DISPLAYING SPLASH SCREEN
[0123/102632.414104:INFO:logger.cpp(19)] Jetty has started in: 6.018954
Copyright (c) 1997-2025 Oracle Corporation, All rights reserved
Version 12.5.3.0.0
[0123/102637.498787:INFO:logger.cpp(19)] BI Server has started in: 11.103866
[0123/102637.499741:INFO:logger.cpp(19)] OBIPS has started in: 11.104842
SLF4J(E): A service provider failed to instantiate:
org.slf4j.spi.SLF4JServiceProvider: org.slf4j.jul.JULServiceProvider not a subtype
getJEEContainerVendorInfo: Examining MapViewer runtime servlet container info...
MapViewer is running on: jetty/9.4.57.v20241219
Looks like MapViewer is running on WLS: based on config file path
Working around read-only FMW config folder ...
Looks like MapViewer is running on WLS: based on config file path
Figuring out alternative MapViewer workspace dir...
Jan 23, 2026 10:26:52 AM oracle.lbs.util.ServerInitListener getOutOfWLSConfigFolder
WARNING: Error validating MapViewer's workspace directory in a WLS domain.
javax.naming.NameNotFoundException: jmx is not bound; remaining name 'jmx/runtime'
	at org.eclipse.jetty.jndi.NamingContext.getContext(NamingContext.java:241)
	at org.eclipse.jetty.jndi.NamingContext.lookup(NamingContext.java:491)
	at org.eclipse.jetty.jndi.NamingContext.lookup(NamingContext.java:491)
	at org.eclipse.jetty.jndi.NamingContext.lookup(NamingContext.java:491)
	at org.eclipse.jetty.jndi.NamingContext.lookup(NamingContext.java:505)
	at org.eclipse.jetty.jndi.java.javaRootURLContext.lookup(javaRootURLContext.java:101)
	at java.naming/javax.naming.InitialContext.lookup(InitialContext.java:409)
	at oracle.lbs.util.ServerInitListener.getOutOfWLSConfigFolder(ServerInitListener.java:339)
	at oracle.lbs.util.ServerInitListener.recordConfigInfo(ServerInitListener.java:631)
	at oracle.lbs.util.ServerInitListener.contextInitialized(ServerInitListener.java:513)
	at org.eclipse.jetty.server.handler.ContextHandler.callContextInitialized(ContextHandler.java:1073)
	at org.eclipse.jetty.servlet.ServletContextHandler.callContextInitialized(ServletContextHandler.java:572)
	at org.eclipse.jetty.server.handler.ContextHandler.contextInitialized(ContextHandler.java:1002)
	at org.eclipse.jetty.quickstart.QuickStartWebApp.contextInitialized(QuickStartWebApp.java:132)
	at org.eclipse.jetty.servlet.ServletHandler.initialize(ServletHandler.java:765)
	at org.eclipse.jetty.servlet.ServletContextHandler.startContext(ServletContextHandler.java:379)
	at org.eclipse.jetty.webapp.WebAppContext.startWebapp(WebAppContext.java:1449)
	at org.eclipse.jetty.quickstart.QuickStartWebApp.startWebapp(QuickStartWebApp.java:153)
	at org.eclipse.jetty.webapp.WebAppContext.startContext(WebAppContext.java:1414)
	at org.eclipse.jetty.server.handler.ContextHandler.doStart(ContextHandler.java:916)
	at org.eclipse.jetty.servlet.ServletContextHandler.doStart(ServletContextHandler.java:288)
	at org.eclipse.jetty.webapp.WebAppContext.doStart(WebAppContext.java:524)
	at org.eclipse.jetty.quickstart.QuickStartWebApp.doStart(QuickStartWebApp.java:222)
	at org.eclipse.jetty.util.component.AbstractLifeCycle.start(AbstractLifeCycle.java:73)
	at oracle.bi.tech.dvdesktop.DVdesktop.launchWebApp(DVdesktop.java:624)
	at oracle.bi.tech.dvdesktop.DVdesktop.access$800(DVdesktop.java:86)
	at oracle.bi.tech.dvdesktop.DVdesktop$DelayedStartServlet.lambda$doGet$0(DVdesktop.java:602)
	at java.base/java.util.concurrent.Executors$RunnableAdapter.call(Executors.java:572)
	at java.base/java.util.concurrent.FutureTask.run(FutureTask.java:317)
	at java.base/java.util.concurrent.ThreadPoolExecutor.runWorker(ThreadPoolExecutor.java:1144)
	at java.base/java.util.concurrent.ThreadPoolExecutor$Worker.run(ThreadPoolExecutor.java:642)
	at java.base/java.lang.Thread.run(Thread.java:1583)

2026-01-23 10:26:56.340 [144/Thread-40] INFO: oracle.mapviewer.MapperConfig - Temporary directory being used: /private/var/folders/zx/87_qf5dj0jgfmqzcgf9bq8vm0000gn/T/DVDesktop/config/fmwconfig/biconfig/mapviewer/temp/
2026-01-23 10:26:56.378 [144/Thread-40] INFO: oracle.mapviewer.sdovis - Using system default dpi: 127.0
2026-01-23 10:26:56.381 [144/Thread-40] INFO: oracle.mapviewer.MapperConfig - Setting default dpi to: 96.0
2026-01-23 10:26:56.383 [144/Thread-40] INFO: oracle.mapviewer.MapperConfig - Memory settings: max_map_image_size = 96 MB.
2026-01-23 10:26:56.383 [144/Thread-40] INFO: oracle.mapviewer.MapperConfig - Memory settings: max_theme_features_loaded = -1 .
2026-01-23 10:26:56.384 [144/Thread-40] INFO: oracle.mapviewer.MapperConfig - Memory settings: max_vector_tile_features_encoded = 125000 .
2026-01-23 10:26:56.386 [144/Thread-40] WARNING: oracle.mapviewer.sdovis - In memory cache will be disabled.
2026-01-23 10:26:56.395 [144/Thread-40] INFO: oracle.mapviewer.sdovis - Spatial Provider shapefileSDP has been registered.
2026-01-23 10:26:56.396 [144/Thread-40] INFO: oracle.mapviewer.sdovis - Spatial Provider ogrSDP has been registered.
2026-01-23 10:26:56.397 [144/Thread-40] WARNING: oracle.mapviewer.sdovis - Unable to get data provider instance for class oracle.sdovis.TeradataDataProvider
2026-01-23 10:26:56.397 [144/Thread-40] SEVERE: oracle.mapviewer.sdovis - Unable to get an instance for spatial provider teradataSDP
2026-01-23 10:26:56.397 [144/Thread-40] WARNING: oracle.mapviewer.sdovis - Spatial Provider teradataSDP has not been registered.
2026-01-23 10:26:56.397 [144/Thread-40] INFO: oracle.mapviewer.MapperConfig - Setting default map storage folder to: /private/var/folders/zx/87_qf5dj0jgfmqzcgf9bq8vm0000gn/T/DVDesktop/config/fmwconfig/biconfig/mapviewer/images/
2026-01-23 10:26:56.398 [144/Thread-40] INFO: oracle.mapviewer.MapperConfig - Map Recycling thread started.
2026-01-23 10:26:56.398 [144/Thread-40] INFO: oracle.mapviewer.MapperConfig - Data directory: /private/var/folders/zx/87_qf5dj0jgfmqzcgf9bq8vm0000gn/T/DVDesktop/config/fmwconfig/biconfig/mapviewer/data/
2026-01-23 10:26:56.402 [144/Thread-40] INFO: oracle.mapviewer.MapperConfig - WMS configuration file [/var/folders/zx/87_qf5dj0jgfmqzcgf9bq8vm0000gn/T/DVDesktop/config/fmwconfig/biconfig/mapviewer/wmsConfig.xml] is loaded.
2026-01-23 10:26:56.416 [144/Thread-40] INFO: oracle.mapviewer.ws - *** Oracle MapViewer started. ***
2026-01-23 10:26:56.542 [28/pool-1-thread-1] INFO: oracle.mapviewer.ws - MapTileServer root path:  /private/var/folders/zx/87_qf5dj0jgfmqzcgf9bq8vm0000gn/T/DVDesktop/config/fmwconfig/biconfig/mapviewer/
2026-01-23 10:26:56.547 [152/Thread-44] INFO: oracle.mapviewer.ws - MapTileServer: entering Cold Start routine...
2026-01-23 10:26:56.547 [152/Thread-44] INFO: oracle.mapviewer.ws - MapTileServer: creating internal tile cache server...
2026-01-23 10:26:56.548 [28/pool-1-thread-1] INFO: oracle.mapviewer.suggest - *** Oracle Map Suggestion Server started. ***
2026-01-23 10:26:56.550 [28/pool-1-thread-1] INFO: oracle.mapviewer.suggest - *** Oracle Map Suggestion Server (Firewall) started. ***
2026-01-23 10:26:56.559 [152/Thread-44] INFO: oracle.mapviewer.ws - WMTS config file [/private/var/folders/zx/87_qf5dj0jgfmqzcgf9bq8vm0000gn/T/DVDesktop/config/fmwconfig/biconfig/mapviewer/conf/wmtsConfig.xml] does not exist, so all tile layers of all data sources will be accessible to WMTS request.
2026-01-23 10:26:56.563 [152/Thread-44] INFO: oracle.mapviewer.ws - MapTileServer: created internal tile cache server.
2026-01-23 10:26:56.563 [153/Thread-45] INFO: oracle.mapviewer.ws - MapViewer tile server updates monitor thread will stop.
2026-01-23 10:26:56.616 [152/Thread-44] INFO: oracle.mapviewer.ws - MapTileServer: loading tile admin tasks ...
2026-01-23 10:26:56.617 [152/Thread-44] INFO: oracle.mapviewer.ws - MapTileServer: finished loading tile admin tasks.
2026-01-23 10:26:56.617 [152/Thread-44] INFO: oracle.mapviewer.ws - *** Oracle MapTileServer started. ***
2026-01-23 10:26:56.808 [146/Thread-42] INFO: oracle.mapviewer.ws - *** Oracle Spatial Visualization Data Server starting... ***
2026-01-23 10:26:56.809 [146/Thread-42] INFO: oracle.mapviewer.ws - *** Oracle Spatial Visualization Data Server started. ***
2026-01-23 10:26:59.258 [142/Thread-38] INFO: oracle.mapviewer.suggest - IndexSyncManager constructor, for path:/private/var/folders/zx/87_qf5dj0jgfmqzcgf9bq8vm0000gn/T/DVDesktop/config/fmwconfig/biconfig/catalogs/oraclemaps_pub/96, waiting: 5 seconds.
2026-01-23 10:26:59.265 [142/Thread-38] INFO: oracle.mapviewer.suggest - New indexing process received for indexing. Creating a new Thread...
2026-01-23 10:26:59.266 [167/Thread-46] INFO: oracle.mapviewer.suggest - Sync Manager timer is started at Fri Jan 23 10:26:59 CET 2026
2026-01-23 10:27:04.301 [167/Thread-46] INFO: oracle.mapviewer.suggest - Creating repository with LOCAL index.
2026-01-23 10:27:04.316 [167/Thread-46] INFO: oracle.mapviewer.suggest - Synching index at /private/var/folders/zx/87_qf5dj0jgfmqzcgf9bq8vm0000gn/T/DVDesktop/config/fmwconfig/biconfig/catalogs/oraclemaps_pub/96/_index_
2026-01-23 10:27:04.320 [167/Thread-46] INFO: oracle.mapviewer.suggest - Current index is too old. A re-index will follow.
2026-01-23 10:27:04.320 [167/Thread-46] INFO: oracle.mapviewer.suggest - Indexing failed, and deleteIndex flag set to false, then manually delete index an try again...
2026-01-23 10:27:04.322 [167/Thread-46] INFO: oracle.mapviewer.suggest - Indexing: /private/var/folders/zx/87_qf5dj0jgfmqzcgf9bq8vm0000gn/T/DVDesktop/config/fmwconfig/biconfig/catalogs/oraclemaps_pub/96
2026-01-23 10:27:05.798 [167/Thread-46] INFO: oracle.mapviewer.suggest - AFTER retrying index, success= true
2026-01-23 10:27:05.800 [167/Thread-46] INFO: oracle.mapviewer.suggest - Time spent rebuilding index: 1 second(s).
2026-01-23 10:27:05.801 [167/Thread-46] INFO: oracle.mapviewer.suggest - Cleaning cache matches...
2026-01-23 10:27:05.801 [167/Thread-46] INFO: oracle.mapviewer.suggest - New index is ready for oraclemaps_pub
2026-01-23 10:27:05.801 [167/Thread-46] INFO: oracle.mapviewer.suggest - Indexing finished correctly for oraclemaps_pub
java.lang.Exception: Cannot Configure ServiceLogger,Please correct the System Property weblogic.Name
	at oracle.bi.biplatform.servicelogs.util.ServiceLoggerUtil.getLogFilePath(ServiceLoggerUtil.java:276)
	at oracle.bi.biplatform.servicelogs.util.ServiceLoggerUtil.getHandler(ServiceLoggerUtil.java:77)
	at oracle.bi.biplatform.servicelogs.impl.AuditLogger.configureLogger(AuditLogger.java:218)
	at oracle.bi.biplatform.servicelogs.impl.AuditLogger.getAuditLogger(AuditLogger.java:46)
	at oracle.bi.biplatform.servicelogs.ServiceLoggerFactory.getAuditLogger(ServiceLoggerFactory.java:17)
	at oracle.bi.tech.utils.ServiceLoggerAuditLogger.<init>(ServiceLoggerAuditLogger.java:7)
	at oracle.bi.tech.utils.CustomerVisibleLogsLoggerUtil.initAuditLogger(CustomerVisibleLogsLoggerUtil.java:60)
	at oracle.bi.tech.utils.CustomerVisibleLogsLoggerUtil.isAuditLoggingEnabled(CustomerVisibleLogsLoggerUtil.java:24)
	at oracle.bi.tech.utils.CustomerVisibleLogsLoggerUtil.logAuditMessage(CustomerVisibleLogsLoggerUtil.java:90)
	at oracle.bi.tech.frameworks.plugin.registry.resource.PlugInRegistryResource.uploadPlugIn(PlugInRegistryResource.java:1320)
	at java.base/jdk.internal.reflect.DirectMethodHandleAccessor.invoke(DirectMethodHandleAccessor.java:103)
	at java.base/java.lang.reflect.Method.invoke(Method.java:580)
	at org.glassfish.jersey.server.model.internal.ResourceMethodInvocationHandlerFactory.lambda$static$0(ResourceMethodInvocationHandlerFactory.java:52)
	at org.glassfish.jersey.server.model.internal.AbstractJavaResourceMethodDispatcher$1.run(AbstractJavaResourceMethodDispatcher.java:146)
	at org.glassfish.jersey.server.model.internal.AbstractJavaResourceMethodDispatcher.invoke(AbstractJavaResourceMethodDispatcher.java:189)
	at org.glassfish.jersey.server.model.internal.JavaResourceMethodDispatcherProvider$TypeOutInvoker.doDispatch(JavaResourceMethodDispatcherProvider.java:219)
	at org.glassfish.jersey.server.model.internal.AbstractJavaResourceMethodDispatcher.dispatch(AbstractJavaResourceMethodDispatcher.java:93)
	at org.glassfish.jersey.server.model.ResourceMethodInvoker.invoke(ResourceMethodInvoker.java:478)
	at org.glassfish.jersey.server.model.ResourceMethodInvoker.apply(ResourceMethodInvoker.java:400)
	at org.glassfish.jersey.server.model.ResourceMethodInvoker.apply(ResourceMethodInvoker.java:81)
	at org.glassfish.jersey.server.ServerRuntime$1.run(ServerRuntime.java:256)
	at org.glassfish.jersey.internal.Errors$1.call(Errors.java:248)
	at org.glassfish.jersey.internal.Errors$1.call(Errors.java:244)
	at org.glassfish.jersey.internal.Errors.process(Errors.java:292)
	at org.glassfish.jersey.internal.Errors.process(Errors.java:274)
	at org.glassfish.jersey.internal.Errors.process(Errors.java:244)
	at org.glassfish.jersey.process.internal.RequestScope.runInScope(RequestScope.java:265)
	at org.glassfish.jersey.server.ServerRuntime.process(ServerRuntime.java:235)
	at org.glassfish.jersey.server.ApplicationHandler.handle(ApplicationHandler.java:684)
	at org.glassfish.jersey.servlet.WebComponent.serviceImpl(WebComponent.java:394)
	at org.glassfish.jersey.servlet.WebComponent.service(WebComponent.java:346)
	at org.glassfish.jersey.servlet.ServletContainer.service(ServletContainer.java:358)
	at org.glassfish.jersey.servlet.ServletContainer.service(ServletContainer.java:311)
	at org.glassfish.jersey.servlet.ServletContainer.service(ServletContainer.java:205)
	at org.eclipse.jetty.servlet.ServletHolder.handle(ServletHolder.java:799)
	at org.eclipse.jetty.servlet.ServletHandler$ChainEnd.doFilter(ServletHandler.java:1656)
	at oracle.bi.tech.model.servlet.ModelFilter.doFilter(ModelFilter.java:378)
	at org.eclipse.jetty.servlet.FilterHolder.doFilter(FilterHolder.java:193)
	at org.eclipse.jetty.servlet.ServletHandler$Chain.doFilter(ServletHandler.java:1626)
	at oracle.bi.tech.model.servlet.VAStatelessFilter.doFilter(VAStatelessFilter.java:159)
	at org.eclipse.jetty.servlet.FilterHolder.doFilter(FilterHolder.java:193)
	at org.eclipse.jetty.servlet.ServletHandler$Chain.doFilter(ServletHandler.java:1626)
	at oracle.bi.tech.model.servlet.VARedirectFilter.doFilter(VARedirectFilter.java:216)
	at org.eclipse.jetty.servlet.FilterHolder.doFilter(FilterHolder.java:193)
	at org.eclipse.jetty.servlet.ServletHandler$Chain.doFilter(ServletHandler.java:1626)
	at oracle.bi.security.filter.DVDesktopSecurityFilter.doFilter(DVDesktopSecurityFilter.java:187)
	at org.eclipse.jetty.servlet.FilterHolder.doFilter(FilterHolder.java:193)
	at org.eclipse.jetty.servlet.ServletHandler$Chain.doFilter(ServletHandler.java:1626)
	at org.eclipse.jetty.servlet.ServletHandler.doHandle(ServletHandler.java:552)
	at org.eclipse.jetty.server.handler.ScopedHandler.handle(ScopedHandler.java:143)
	at org.eclipse.jetty.security.SecurityHandler.handle(SecurityHandler.java:600)
	at org.eclipse.jetty.server.handler.HandlerWrapper.handle(HandlerWrapper.java:127)
	at org.eclipse.jetty.server.handler.ScopedHandler.nextHandle(ScopedHandler.java:235)
	at org.eclipse.jetty.server.session.SessionHandler.doHandle(SessionHandler.java:1624)
	at org.eclipse.jetty.server.handler.ScopedHandler.nextHandle(ScopedHandler.java:233)
	at org.eclipse.jetty.server.handler.ContextHandler.doHandle(ContextHandler.java:1440)
	at org.eclipse.jetty.server.handler.ScopedHandler.nextScope(ScopedHandler.java:188)
	at org.eclipse.jetty.servlet.ServletHandler.doScope(ServletHandler.java:505)
	at org.eclipse.jetty.server.session.SessionHandler.doScope(SessionHandler.java:1594)
	at org.eclipse.jetty.server.handler.ScopedHandler.nextScope(ScopedHandler.java:186)
	at org.eclipse.jetty.server.handler.ContextHandler.doScope(ContextHandler.java:1355)
	at org.eclipse.jetty.server.handler.ScopedHandler.handle(ScopedHandler.java:141)
	at org.eclipse.jetty.server.handler.ContextHandlerCollection.handle(ContextHandlerCollection.java:234)
	at org.eclipse.jetty.server.handler.HandlerWrapper.handle(HandlerWrapper.java:127)
	at org.eclipse.jetty.server.Server.handle(Server.java:516)
	at org.eclipse.jetty.server.HttpChannel.lambda$handle$1(HttpChannel.java:487)
	at org.eclipse.jetty.server.HttpChannel.dispatch(HttpChannel.java:732)
	at org.eclipse.jetty.server.HttpChannel.handle(HttpChannel.java:479)
	at org.eclipse.jetty.server.HttpConnection.onFillable(HttpConnection.java:277)
	at org.eclipse.jetty.io.AbstractConnection$ReadCallback.succeeded(AbstractConnection.java:311)
	at org.eclipse.jetty.io.FillInterest.fillable(FillInterest.java:105)
	at org.eclipse.jetty.io.ChannelEndPoint$1.run(ChannelEndPoint.java:104)
	at org.eclipse.jetty.util.thread.strategy.EatWhatYouKill.runTask(EatWhatYouKill.java:338)
	at org.eclipse.jetty.util.thread.strategy.EatWhatYouKill.doProduce(EatWhatYouKill.java:315)
	at org.eclipse.jetty.util.thread.strategy.EatWhatYouKill.tryProduce(EatWhatYouKill.java:173)
	at org.eclipse.jetty.util.thread.strategy.EatWhatYouKill.run(EatWhatYouKill.java:131)
	at org.eclipse.jetty.util.thread.ReservedThreadExecutor$ReservedThread.run(ReservedThreadExecutor.java:409)
	at org.eclipse.jetty.util.thread.QueuedThreadPool.runJob(QueuedThreadPool.java:883)
	at org.eclipse.jetty.util.thread.QueuedThreadPool$Runner.run(QueuedThreadPool.java:1034)
	at java.base/java.lang.Thread.run(Thread.java:1583)
